# JRE version: OpenJDK Runtime Environment (8.0_76-b03) (build 1.8.0_76-release-b03)
# Java VM: OpenJDK 64-Bit Server VM (25.76-b03 mixed mode linux-amd64 compressed oops)
Heap:
 PSYoungGen      total 208896K, used 0K [0x00000000eab00000, 0x0000000100000000, 0x0000000100000000)
  eden space 116736K, 0% used [0x00000000eab00000,0x00000000eab00000,0x00000000f1d00000)
  from space 92160K, 0% used [0x00000000fa600000,0x00000000fa600000,0x0000000100000000)
  to   space 116224K, 0% used [0x00000000f1d00000,0x00000000f1d00000,0x00000000f8e80000)
 ParOldGen       total 219648K, used 174209K [0x00000000c0000000, 0x00000000cd680000, 0x00000000eab00000)
  object space 219648K, 79% used [0x00000000c0000000,0x00000000caa20538,0x00000000cd680000)
 Metaspace       used 6090K, capacity 7024K, committed 7296K, reserved 1056768K
  class space    used 589K, capacity 616K, committed 640K, reserved 1048576K
GC Heap History (10 events):
Event: 23.988 GC heap after
Heap after GC invocations=5 (full 0):
 PSYoungGen      total 130048K, used 5117K [0x00000000eab00000, 0x0000000100000000, 0x0000000100000000)
  eden space 124928K, 0% used [0x00000000eab00000,0x00000000eab00000,0x00000000f2500000)
  from space 5120K, 99% used [0x00000000f2500000,0x00000000f29ff5e0,0x00000000f2a00000)
  to   space 72704K, 0% used [0x00000000fb900000,0x00000000fb900000,0x0000000100000000)
 ParOldGen       total 109568K, used 109099K [0x00000000c0000000, 0x00000000c6b00000, 0x00000000eab00000)
  object space 109568K, 99% used [0x00000000c0000000,0x00000000c6a8ad08,0x00000000c6b00000)
 Metaspace       used 6051K, capacity 6960K, committed 7040K, reserved 1056768K
  class space    used 588K, capacity 616K, committed 640K, reserved 1048576K
}
Event: 23.989 GC heap before
{Heap before GC invocations=6 (full 1):
 PSYoungGen      total 130048K, used 5117K [0x00000000eab00000, 0x0000000100000000, 0x0000000100000000)
  eden space 124928K, 0% used [0x00000000eab00000,0x00000000eab00000,0x00000000f2500000)
  from space 5120K, 99% used [0x00000000f2500000,0x00000000f29ff5e0,0x00000000f2a00000)
  to   space 72704K, 0% used [0x00000000fb900000,0x00000000fb900000,0x0000000100000000)
 ParOldGen       total 109568K, used 109099K [0x00000000c0000000, 0x00000000c6b00000, 0x00000000eab00000)
  object space 109568K, 99% used [0x00000000c0000000,0x00000000c6a8ad08,0x00000000c6b00000)
 Metaspace       used 6051K, capacity 6960K, committed 7040K, reserved 1056768K
  class space    used 588K, capacity 616K, committed 640K, reserved 1048576K
Event: 26.034 GC heap after
Heap after GC invocations=6 (full 1):
 PSYoungGen      total 130048K, used 0K [0x00000000eab00000, 0x0000000100000000, 0x0000000100000000)
  eden space 124928K, 0% used [0x00000000eab00000,0x00000000eab00000,0x00000000f2500000)
  from space 5120K, 0% used [0x00000000f2500000,0x00000000f2500000,0x00000000f2a00000)
  to   space 72704K, 0% used [0x00000000fb900000,0x00000000fb900000,0x0000000100000000)
 ParOldGen       total 219648K, used 103666K [0x00000000c0000000, 0x00000000cd680000, 0x00000000eab00000)
  object space 219648K, 47% used [0x00000000c0000000,0x00000000c653c878,0x00000000cd680000)
 Metaspace       used 6051K, capacity 6960K, committed 7040K, reserved 1056768K
  class space    used 588K, capacity 616K, committed 640K, reserved 1048576K
}
Event: 26.189 GC heap before
{Heap before GC invocations=7 (full 1):
 PSYoungGen      total 130048K, used 124928K [0x00000000eab00000, 0x0000000100000000, 0x0000000100000000)
  eden space 124928K, 100% used [0x00000000eab00000,0x00000000f2500000,0x00000000f2500000)
  from space 5120K, 0% used [0x00000000f2500000,0x00000000f2500000,0x00000000f2a00000)
  to   space 72704K, 0% used [0x00000000fb900000,0x00000000fb900000,0x0000000100000000)
 ParOldGen       total 219648K, used 103666K [0x00000000c0000000, 0x00000000cd680000, 0x00000000eab00000)
  object space 219648K, 47% used [0x00000000c0000000,0x00000000c653c878,0x00000000cd680000)
 Metaspace       used 6055K, capacity 6960K, committed 7040K, reserved 1056768K
  class space    used 588K, capacity 616K, committed 640K, reserved 1048576K
Event: 26.624 GC heap after
Heap after GC invocations=7 (full 1):
 PSYoungGen      total 237568K, used 72704K [0x00000000eab00000, 0x0000000100000000, 0x0000000100000000)
  eden space 164864K, 0% used [0x00000000eab00000,0x00000000eab00000,0x00000000f4c00000)
  from space 72704K, 100% used [0x00000000fb900000,0x0000000100000000,0x0000000100000000)
  to   space 92160K, 0% used [0x00000000f4c00000,0x00000000f4c00000,0x00000000fa600000)
 ParOldGen       total 219648K, used 105906K [0x00000000c0000000, 0x00000000cd680000, 0x00000000eab00000)
  object space 219648K, 48% used [0x00000000c0000000,0x00000000c676c878,0x00000000cd680000)
 Metaspace       used 6055K, capacity 6960K, committed 7040K, reserved 1056768K
  class space    used 588K, capacity 616K, committed 640K, reserved 1048576K
}
Event: 27.613 GC heap before
{Heap before GC invocations=8 (full 1):
 PSYoungGen      total 237568K, used 237568K [0x00000000eab00000, 0x0000000100000000, 0x0000000100000000)
  eden space 164864K, 100% used [0x00000000eab00000,0x00000000f4c00000,0x00000000f4c00000)
  from space 72704K, 100% used [0x00000000fb900000,0x0000000100000000,0x0000000100000000)
  to   space 92160K, 0% used [0x00000000f4c00000,0x00000000f4c00000,0x00000000fa600000)
 ParOldGen       total 219648K, used 105906K [0x00000000c0000000, 0x00000000cd680000, 0x00000000eab00000)
  object space 219648K, 48% used [0x00000000c0000000,0x00000000c676c878,0x00000000cd680000)
 Metaspace       used 6063K, capacity 6960K, committed 7040K, reserved 1056768K
  class space    used 589K, capacity 616K, committed 640K, reserved 1048576K
Event: 28.094 GC heap after
Heap after GC invocations=8 (full 1):
 PSYoungGen      total 257024K, used 92146K [0x00000000eab00000, 0x0000000100000000, 0x0000000100000000)
  eden space 164864K, 0% used [0x00000000eab00000,0x00000000eab00000,0x00000000f4c00000)
  from space 92160K, 99% used [0x00000000f4c00000,0x00000000fa5fca20,0x00000000fa600000)
  to   space 92160K, 0% used [0x00000000fa600000,0x00000000fa600000,0x0000000100000000)
 ParOldGen       total 219648K, used 138005K [0x00000000c0000000, 0x00000000cd680000, 0x00000000eab00000)
  object space 219648K, 62% used [0x00000000c0000000,0x00000000c86c5648,0x00000000cd680000)
 Metaspace       used 6063K, capacity 6960K, committed 7040K, reserved 1056768K
  class space    used 589K, capacity 616K, committed 640K, reserved 1048576K
}
Event: 30.661 GC heap before
{Heap before GC invocations=9 (full 1):
 PSYoungGen      total 257024K, used 257010K [0x00000000eab00000, 0x0000000100000000, 0x0000000100000000)
  eden space 164864K, 100% used [0x00000000eab00000,0x00000000f4c00000,0x00000000f4c00000)
  from space 92160K, 99% used [0x00000000f4c00000,0x00000000fa5fca20,0x00000000fa600000)
  to   space 92160K, 0% used [0x00000000fa600000,0x00000000fa600000,0x0000000100000000)
 ParOldGen       total 219648K, used 138005K [0x00000000c0000000, 0x00000000cd680000, 0x00000000eab00000)
  object space 219648K, 62% used [0x00000000c0000000,0x00000000c86c5648,0x00000000cd680000)
 Metaspace       used 6090K, capacity 7024K, committed 7296K, reserved 1056768K
  class space    used 589K, capacity 616K, committed 640K, reserved 1048576K
Event: 31.480 GC heap after
Heap after GC invocations=9 (full 1):
 PSYoungGen      total 208896K, used 92148K [0x00000000eab00000, 0x0000000100000000, 0x0000000100000000)
  eden space 116736K, 0% used [0x00000000eab00000,0x00000000eab00000,0x00000000f1d00000)
  from space 92160K, 99% used [0x00000000fa600000,0x00000000ffffd0d0,0x0000000100000000)
  to   space 116224K, 0% used [0x00000000f1d00000,0x00000000f1d00000,0x00000000f8e80000)
 ParOldGen       total 219648K, used 167142K [0x00000000c0000000, 0x00000000cd680000, 0x00000000eab00000)
  object space 219648K, 76% used [0x00000000c0000000,0x00000000ca3398c0,0x00000000cd680000)
 Metaspace       used 6090K, capacity 7024K, committed 7296K, reserved 1056768K
  class space    used 589K, capacity 616K, committed 640K, reserved 1048576K
}
Event: 31.480 GC heap before
{Heap before GC invocations=10 (full 2):
 PSYoungGen      total 208896K, used 92148K [0x00000000eab00000, 0x0000000100000000, 0x0000000100000000)
  eden space 116736K, 0% used [0x00000000eab00000,0x00000000eab00000,0x00000000f1d00000)
  from space 92160K, 99% used [0x00000000fa600000,0x00000000ffffd0d0,0x0000000100000000)
  to   space 116224K, 0% used [0x00000000f1d00000,0x00000000f1d00000,0x00000000f8e80000)
 ParOldGen       total 219648K, used 167142K [0x00000000c0000000, 0x00000000cd680000, 0x00000000eab00000)
  object space 219648K, 76% used [0x00000000c0000000,0x00000000ca3398c0,0x00000000cd680000)
 Metaspace       used 6090K, capacity 7024K, committed 7296K, reserved 1056768K
  class space    used 589K, capacity 616K, committed 640K, reserved 1048576K

